<?xml version="1.0" encoding="UTF-8"?>
<!-- Generated by org.testng.reporters.JUnitReportReporter -->
<testsuite skipped="0" hostname="Rajus-MBP.fios-router.home" name="com.spotify.test.PlayListTest" tests="5" failures="1" timestamp="2023-06-13T17:03:58 EDT" time="7.347" errors="0">
  <testcase name="GetPlayList" time="2.072" classname="com.spotify.test.PlayListTest"/>
  <system-out/>
  <testcase name="UpdatePlayList" time="0.345" classname="com.spotify.test.PlayListTest"/>
  <system-out/>
  <testcase name="withOutName" time="0.187" classname="com.spotify.test.PlayListTest"/>
  <system-out/>
  <testcase name="ExpiredToken" time="4.182" classname="com.spotify.test.PlayListTest"/>
  <system-out/>
  <testcase name="createAPlayList" time="0.561" classname="com.spotify.test.PlayListTest">
    <failure type="java.lang.AssertionError" message="
Expected: &quot;PlayList,t2,s-8n,0-bb,-pk0-b27,g0888-fwv-5w5&quot;
     but: was null">
      <![CDATA[java.lang.AssertionError: 
Expected: "PlayList,t2,s-8n,0-bb,-pk0-b27,g0888-fwv-5w5"
     but: was null
at org.hamcrest.MatcherAssert.assertThat(MatcherAssert.java:20)
at org.hamcrest.MatcherAssert.assertThat(MatcherAssert.java:8)
at com.spotify.test.PlayListTest.assertPlayListEqual(PlayListTest.java:44)
at com.spotify.test.PlayListTest.createAPlayList(PlayListTest.java:69)
at sun.reflect.NativeMethodAccessorImpl.invoke0(Native Method)
at sun.reflect.NativeMethodAccessorImpl.invoke(NativeMethodAccessorImpl.java:62)
at sun.reflect.DelegatingMethodAccessorImpl.invoke(DelegatingMethodAccessorImpl.java:43)
at java.lang.reflect.Method.invoke(Method.java:498)
at org.testng.internal.MethodInvocationHelper.invokeMethod(MethodInvocationHelper.java:134)
at org.testng.internal.TestInvoker.invokeMethod(TestInvoker.java:597)
at org.testng.internal.TestInvoker.invokeTestMethod(TestInvoker.java:173)
at org.testng.internal.MethodRunner.runInSequence(MethodRunner.java:46)
at org.testng.internal.TestInvoker$MethodInvocationAgent.invoke(TestInvoker.java:816)
at org.testng.internal.TestInvoker.invokeTestMethods(TestInvoker.java:146)
at org.testng.internal.TestMethodWorker.invokeTestMethods(TestMethodWorker.java:146)
at org.testng.internal.TestMethodWorker.run(TestMethodWorker.java:128)
at java.util.ArrayList.forEach(ArrayList.java:1257)
at org.testng.TestRunner.privateRun(TestRunner.java:766)
at org.testng.TestRunner.run(TestRunner.java:587)
at org.testng.SuiteRunner.runTest(SuiteRunner.java:384)
at org.testng.SuiteRunner.runSequentially(SuiteRunner.java:378)
at org.testng.SuiteRunner.privateRun(SuiteRunner.java:337)
at org.testng.SuiteRunner.run(SuiteRunner.java:286)
at org.testng.SuiteRunnerWorker.runSuite(SuiteRunnerWorker.java:53)
at org.testng.SuiteRunnerWorker.run(SuiteRunnerWorker.java:96)
at org.testng.TestNG.runSuitesSequentially(TestNG.java:1187)
at org.testng.TestNG.runSuitesLocally(TestNG.java:1109)
at org.testng.TestNG.runSuites(TestNG.java:1039)
at org.testng.TestNG.run(TestNG.java:1007)
at org.testng.remote.AbstractRemoteTestNG.run(AbstractRemoteTestNG.java:115)
at org.testng.remote.RemoteTestNG.initAndRun(RemoteTestNG.java:251)
at org.testng.remote.RemoteTestNG.main(RemoteTestNG.java:77)
]]>
    </failure>
  </testcase> <!-- createAPlayList -->
  <system-out/>
</testsuite> <!-- com.spotify.test.PlayListTest -->
