<?xml version="1.0" encoding="UTF-8"?>
<testng-results ignored="0" total="5" passed="4" failed="1" skipped="0">
  <reporter-output>
  </reporter-output>
  <suite started-at="2023-06-15T21:37:50 EDT" name="Default suite" finished-at="2023-06-15T21:37:56 EDT" duration-ms="5483">
    <groups>
    </groups>
    <test started-at="2023-06-15T21:37:50 EDT" name="Default test" finished-at="2023-06-15T21:37:56 EDT" duration-ms="5483">
      <class name="com.spotify.test.PlayListTest">
        <test-method signature="ExpiredToken()[pri:0, instance:com.spotify.test.PlayListTest@5e8c34a0]" started-at="2023-06-15T21:37:50 EDT" name="ExpiredToken" finished-at="2023-06-15T21:37:53 EDT" duration-ms="2618" status="PASS">
          <reporter-output>
          </reporter-output>
        </test-method> <!-- ExpiredToken -->
        <test-method signature="GetPlayList()[pri:0, instance:com.spotify.test.PlayListTest@5e8c34a0]" started-at="2023-06-15T21:37:53 EDT" name="GetPlayList" finished-at="2023-06-15T21:37:55 EDT" duration-ms="1637" status="PASS">
          <reporter-output>
          </reporter-output>
        </test-method> <!-- GetPlayList -->
        <test-method signature="UpdatePlayList()[pri:0, instance:com.spotify.test.PlayListTest@5e8c34a0]" started-at="2023-06-15T21:37:55 EDT" name="UpdatePlayList" finished-at="2023-06-15T21:37:55 EDT" duration-ms="324" status="PASS">
          <reporter-output>
          </reporter-output>
        </test-method> <!-- UpdatePlayList -->
        <test-method signature="createAPlayList()[pri:0, instance:com.spotify.test.PlayListTest@5e8c34a0]" started-at="2023-06-15T21:37:55 EDT" name="createAPlayList" finished-at="2023-06-15T21:37:56 EDT" duration-ms="530" status="FAIL">
          <exception class="java.lang.AssertionError">
            <message>
              <![CDATA[
Expected: "PlayListhy,h1-,v0o2-,-9--1j7t1-2q3--64,79162"
     but: was null]]>
            </message>
            <full-stacktrace>
              <![CDATA[java.lang.AssertionError: 
Expected: "PlayListhy,h1-,v0o2-,-9--1j7t1-2q3--64,79162"
     but: was null
at org.hamcrest.MatcherAssert.assertThat(MatcherAssert.java:20)
at org.hamcrest.MatcherAssert.assertThat(MatcherAssert.java:8)
at com.spotify.test.PlayListTest.assertPlayListEqual(PlayListTest.java:44)
at com.spotify.test.PlayListTest.createAPlayList(PlayListTest.java:69)
at java.base/jdk.internal.reflect.NativeMethodAccessorImpl.invoke0(Native Method)
at java.base/jdk.internal.reflect.NativeMethodAccessorImpl.invoke(NativeMethodAccessorImpl.java:77)
at java.base/jdk.internal.reflect.DelegatingMethodAccessorImpl.invoke(DelegatingMethodAccessorImpl.java:43)
at java.base/java.lang.reflect.Method.invoke(Method.java:568)
at org.testng.internal.MethodInvocationHelper.invokeMethod(MethodInvocationHelper.java:134)
at org.testng.internal.TestInvoker.invokeMethod(TestInvoker.java:597)
at org.testng.internal.TestInvoker.invokeTestMethod(TestInvoker.java:173)
at org.testng.internal.MethodRunner.runInSequence(MethodRunner.java:46)
at org.testng.internal.TestInvoker$MethodInvocationAgent.invoke(TestInvoker.java:816)
at org.testng.internal.TestInvoker.invokeTestMethods(TestInvoker.java:146)
at org.testng.internal.TestMethodWorker.invokeTestMethods(TestMethodWorker.java:146)
at org.testng.internal.TestMethodWorker.run(TestMethodWorker.java:128)
at java.base/java.util.ArrayList.forEach(ArrayList.java:1511)
at org.testng.TestRunner.privateRun(TestRunner.java:766)
at org.testng.TestRunner.run(TestRunner.java:587)
at org.testng.SuiteRunner.runTest(SuiteRunner.java:384)
at org.testng.SuiteRunner.runSequentially(SuiteRunner.java:378)
at org.testng.SuiteRunner.privateRun(SuiteRunner.java:337)
at org.testng.SuiteRunner.run(SuiteRunner.java:286)
at org.testng.SuiteRunnerWorker.runSuite(SuiteRunnerWorker.java:53)
at org.testng.SuiteRunnerWorker.run(SuiteRunnerWorker.java:96)
at org.testng.TestNG.runSuitesSequentially(TestNG.java:1187)
at org.testng.TestNG.runSuitesLocally(TestNG.java:1109)
at org.testng.TestNG.runSuites(TestNG.java:1039)
at org.testng.TestNG.run(TestNG.java:1007)
at org.testng.remote.AbstractRemoteTestNG.run(AbstractRemoteTestNG.java:115)
at org.testng.remote.RemoteTestNG.initAndRun(RemoteTestNG.java:251)
at org.testng.remote.RemoteTestNG.main(RemoteTestNG.java:77)
]]>
            </full-stacktrace>
          </exception> <!-- java.lang.AssertionError -->
          <reporter-output>
          </reporter-output>
        </test-method> <!-- createAPlayList -->
        <test-method signature="withOutName()[pri:0, instance:com.spotify.test.PlayListTest@5e8c34a0]" started-at="2023-06-15T21:37:56 EDT" name="withOutName" finished-at="2023-06-15T21:37:56 EDT" duration-ms="193" status="PASS">
          <reporter-output>
          </reporter-output>
        </test-method> <!-- withOutName -->
      </class> <!-- com.spotify.test.PlayListTest -->
    </test> <!-- Default test -->
  </suite> <!-- Default suite -->
</testng-results>
